Watching for file changes with StatReloader
"GET / HTTP/1.1" 200 14
"GET / HTTP/1.1" 200 14
C:\Users\Кирилл\PycharmProjects\HomeWork1\myproject\HW1app\views.py changed, reloading.
Watching for file changes with StatReloader
C:\Users\Кирилл\PycharmProjects\HomeWork1\myproject\HW1app\views.py changed, reloading.
Watching for file changes with StatReloader
"GET / HTTP/1.1" 200 14
"GET / HTTP/1.1" 200 14
C:\Users\Кирилл\PycharmProjects\HomeWork1\myproject\myproject\settings.py changed, reloading.
Watching for file changes with StatReloader
Error in about page: division by zero
Traceback (most recent call last):
  File "C:\Users\Кирилл\PycharmProjects\HomeWork1\myproject\HW1app\views.py", line 15, in about
    result = 1 / 0
             ~~^~~
ZeroDivisionError: division by zero
"GET /about/ HTTP/1.1" 200 27
C:\Users\Кирилл\PycharmProjects\HomeWork1\myproject\myproject\settings.py changed, reloading.
INFO 2024-01-30 22:18:21,347 autoreload 9608 5412 Watching for file changes with StatReloader
INFO 2024-01-30 22:18:23,893 views 9608 5708 Index page accessed
INFO 2024-01-30 22:18:23,894 basehttp 9608 5708 "GET / HTTP/1.1" 200 14
ERROR 2024-01-30 22:18:29,869 views 9608 5708 Error in about page: division by zero
Traceback (most recent call last):
  File "C:\Users\Кирилл\PycharmProjects\HomeWork1\myproject\HW1app\views.py", line 15, in about
    result = 1 / 0
             ~~^~~
ZeroDivisionError: division by zero
INFO 2024-01-30 22:18:29,870 basehttp 9608 5708 "GET /about/ HTTP/1.1" 200 27
INFO 2024-01-30 22:23:57,337 autoreload 9608 5412 C:\Users\Кирилл\PycharmProjects\HomeWork1\myproject\HW1app\views.py changed, reloading.
INFO 2024-01-30 22:23:57,606 autoreload 15580 17036 Watching for file changes with StatReloader
INFO 2024-01-30 22:23:59,463 views 15580 948 Index page accessed
INFO 2024-01-30 22:23:59,464 basehttp 15580 948 "GET / HTTP/1.1" 200 36
INFO 2024-01-30 22:26:28,458 views 15580 948 Index page accessed
INFO 2024-01-30 22:26:28,459 basehttp 15580 948 "GET / HTTP/1.1" 200 36
INFO 2024-01-30 22:26:28,535 autoreload 15580 17036 C:\Users\Кирилл\PycharmProjects\HomeWork1\myproject\HW1app\views.py changed, reloading.
INFO 2024-01-30 22:26:28,873 autoreload 11872 2760 Watching for file changes with StatReloader
DEBUG 2024-01-30 22:26:39,803 views 11872 2028 About page accessed
INFO 2024-01-30 22:26:39,804 basehttp 11872 2028 "GET /about/ HTTP/1.1" 200 80
INFO 2024-01-30 22:26:45,473 views 11872 2028 Index page accessed
INFO 2024-01-30 22:26:45,474 basehttp 11872 2028 "GET / HTTP/1.1" 200 71
